2022-06-28 14:57:42.648 - Create display
SWT SessionManagerDBus: Failed to RegisterClient: GDBus.Error:org.freedesktop.DBus.Error.AccessDenied: An AppArmor policy prevents this sender from sending this message to this recipient; type="method_call", sender=":1.11933" (uid=1000 pid=344904 comm="/snap/dbeaver-ce/196/usr/share/dbeaver-ce/jre/bin/" label="snap.dbeaver-ce.dbeaver-ce (enforce)") interface="org.gnome.SessionManager" member="RegisterClient" error name="(unset)" requested_reply="0" destination=":1.35" (uid=1000 pid=1811 comm="/usr/libexec/gnome-session-binary --systemd-servic" label="unconfined")
> Start Team Support Core [org.eclipse.team.core 3.9.300.v20220204-0611]
2022-06-28 14:57:42.875 - DBeaver 22.1.1.202206261508 is starting
2022-06-28 14:57:42.876 - OS: Linux 5.13.0-48-generic (amd64)
2022-06-28 14:57:42.877 - Java version: 11.0.12 by Eclipse Foundation (64bit)
2022-06-28 14:57:42.877 - Install path: '/snap/dbeaver-ce/196/usr/share/dbeaver-ce'
2022-06-28 14:57:42.877 - Instance path: 'file:/home/maitri/snap/dbeaver-ce/196/.local/share/DBeaverData/workspace6/'
2022-06-28 14:57:42.877 - Memory available 112Mb/1024Mb
> Start DBeaver UI Editors - Base [org.jkiss.dbeaver.ui.editors.base 1.0.84.202206261508]
2022-06-28 14:57:42.890 - Starting RMI server at 50759
2022-06-28 14:57:43.061 - Run workbench
> Start Eclipse e4 Workbench SWT [org.eclipse.e4.ui.workbench.swt 0.16.400.v20220222-1128]
> Start Eclipse Application Services [org.eclipse.e4.core.services 2.3.100.v20210910-0640]
> Start Eclipse UI Application Services [org.eclipse.e4.ui.services 1.5.0.v20210115-1333]
> Start EMF XML/XMI Persistence [org.eclipse.emf.ecore.xmi 2.16.0.v20190528-0725]
> Start Eclipse CSS SWT Theme Support [org.eclipse.e4.ui.css.swt.theme 0.13.0.v20201026-1147]
> Start Eclipse e4 Workbench Add-ons [org.eclipse.e4.ui.workbench.addons.swt 1.4.400.v20211102-0453]
> Start Eclipse e4 Workbench SWT Renderer [org.eclipse.e4.ui.workbench.renderers.swt 0.15.400.v20220308-0630]
> Start Eclipse Bindings Support [org.eclipse.e4.ui.bindings 0.13.100.v20210722-1426]
> Start Eclipse Dependency Injection Extensions [org.eclipse.e4.core.di.extensions 0.17.100.v20210910-0640]
> Start Eclipse CSS SWT Support [org.eclipse.e4.ui.css.swt 0.14.400.v20211026-1534]
> Start DBeaver UI [org.jkiss.dbeaver.ui 5.1.99.202206261508]
> Start Eclipse SDK Themes [org.eclipse.ui.themes 1.2.1700.v20220210-1145]
2022-06-28 14:57:46.757 - Configure workbench window
> Start Help System Core [org.eclipse.help 3.9.100.v20210721-0601]
2022-06-28 14:57:46.919 - Create actions
2022-06-28 14:57:46.923 - Disable Eclipse action set 'org.eclipse.ui.edit.text.actionSet.annotationNavigation'
2022-06-28 14:57:46.923 - Disable Eclipse action set 'org.eclipse.ui.WorkingSetActionSet'
2022-06-28 14:57:46.923 - Disable Eclipse action set 'org.eclipse.ui.actionSet.openFiles'
2022-06-28 14:57:48.142 - Initialize workbench window
2022-06-28 14:57:48.146 - Finish initialization
> Start Default Text Editor [org.eclipse.ui.editors 3.14.300.v20210913-0815]
> Start Text Editor Framework [org.eclipse.ui.workbench.texteditor 3.16.400.v20220218-1619]
> Start Equinox Java Authentication and Authorization Service (JAAS) [org.eclipse.equinox.security 1.3.900.v20220108-1321]
> Start Internet Connection Management UI [org.eclipse.ui.net 1.4.0.v20210426-0838]
> Start Internet Connection Management [org.eclipse.core.net 1.3.1100.v20210424-0724]
> Start DBeaver UI Editors - Data [org.jkiss.dbeaver.ui.editors.data 1.0.84.202206261508]
> Start DBeaver SQL Model [org.jkiss.dbeaver.model.sql 1.0.74.202206261508]
2022-06-28 14:57:49.380 - Loading user drivers configuration from '/home/maitri/snap/dbeaver-ce/196/.local/share/DBeaverData/workspace6/.metadata/.plugins/org.jkiss.dbeaver.core/drivers.xml'
2022-06-28 14:57:49.421 - Total database drivers: 99 (99)
> Start DBeaver Sample Database [org.jkiss.dbeaver.ext.sample.database 1.0.121.202206261508]
> Start DBeaver Tip of the day [org.jkiss.dbeaver.ext.ui.tipoftheday 1.0.90.202206261508]
> Start DBeaver UI Editors - SQL [org.jkiss.dbeaver.ui.editors.sql 1.0.84.202206261508]
> Start Draw2d [org.eclipse.draw2dl 3.12.100.20220506142945]
> Start GEF3 GEF (MVC) [org.eclipse.gef3 3.12.100.20220506142945]
> Start DBeaver ERD UI [org.jkiss.dbeaver.erd.ui 3.0.44.202206261508]
> Start DBeaver ERD Model [org.jkiss.dbeaver.erd.model 1.0.44.202206261508]
2022-06-28 14:57:49.834 - Connect with 'postgres' (postgres-jdbc-1805ef97d38-93dedddd7f8d112)
> Start DBeaver PostgreSQL Support [org.jkiss.dbeaver.ext.postgresql 2.1.157.202206261508]
> Start DBeaver GIS Support [org.jkiss.dbeaver.data.gis 1.0.108.202206261508]
2022-06-28 14:57:49.983 - Execution context opened (postgres; Main <postgres>; 0)
2022-06-28 14:57:49.985 - Initiate connection to PostgreSQL database [postgres@192.168.5.60] for Main <postgres>
2022-06-28 14:57:51.092 - Execution context opened (postgres; Metadata <postgres>; 1)
2022-06-28 14:57:51.092 - Initiate connection to PostgreSQL database [postgres@192.168.5.60] for Metadata <postgres>
2022-06-28 14:57:51.319 - Connected (postgres-jdbc-1805ef97d38-93dedddd7f8d112, PostgreSQL JDBC Driver [42.2.20])
2022-06-28 14:57:51.927 - Open [https://dbeaver.io/product/version.xml]
> Start DBeaver PostgreSQL Support UI [org.jkiss.dbeaver.ext.postgresql.ui 1.0.60.202206261508]
> Start DBeaver UI Editors - Connections [org.jkiss.dbeaver.ui.editors.connection 1.0.75.202206261508]
> Start DBeaver Tasks View [org.jkiss.dbeaver.tasks.ui.view 1.0.33.202206261508]
> Start DBeaver Tasks - General UI [org.jkiss.dbeaver.tasks.ui 1.0.62.202206261508]
2022-06-28 15:05:27.565 - Execution context closed (postgres, 0)
2022-06-28 15:05:27.616 - Execution context closed (postgres, 1)
2022-06-28 15:05:27.616 - Execution context opened (postgres; Main <postgres>; 2)
2022-06-28 15:05:27.617 - Initiate connection to PostgreSQL database [postgres@192.168.5.60] for Main <postgres>
2022-06-28 15:05:27.625 - Error testing property connected: No databases found on the server
2022-06-28 15:05:27.625 - Error testing property connected: No databases found on the server
2022-06-28 15:05:27.625 - Error testing property connected: No databases found on the server
2022-06-28 15:05:27.626 - Error testing property connected: No databases found on the server
2022-06-28 15:05:27.626 - Error testing property connected: No databases found on the server
2022-06-28 15:05:27.626 - Error testing property connected: No databases found on the server
2022-06-28 15:05:27.626 - Error testing property connected: No databases found on the server
2022-06-28 15:05:27.627 - Error testing property connected: No databases found on the server
2022-06-28 15:05:27.627 - Error testing property connected: No databases found on the server
2022-06-28 15:05:27.627 - Error testing property connected: No databases found on the server
2022-06-28 15:05:27.627 - Error testing property connected: No databases found on the server
2022-06-28 15:05:27.627 - Error testing property connected: No databases found on the server
2022-06-28 15:05:27.689 - Execution context opened (postgres; Metadata <postgres>; 3)
2022-06-28 15:05:27.689 - Initiate connection to PostgreSQL database [postgres@192.168.5.60] for Metadata <postgres>
> Start Data Transfer UI [org.jkiss.dbeaver.data.transfer.ui 1.0.68.202206261508]
> Start DBeaver Data Transfer [org.jkiss.dbeaver.data.transfer 2.0.68.202206261508]
> Start DBeaver Tasks - Native Tools [org.jkiss.dbeaver.tasks.native 1.0.62.202206261508]
